<?xml version="1.0" encoding="UTF-8"?>
<!-- Generated by org.testng.reporters.JUnitReportReporter -->
<testsuite hostname="Pankajs-MacBook-Air.local" failures="0" tests="1" name="AmazonEndToEndFlow.Amazon.DeleteProduct" time="33.340" errors="0" timestamp="2025-04-14T00:51:53 IST" skipped="0">
  <testcase classname="AmazonEndToEndFlow.Amazon.DeleteProduct" name="deleteProduct" time="33.340"/>
</testsuite> <!-- AmazonEndToEndFlow.Amazon.DeleteProduct -->
