<?xml version="1.0" encoding="UTF-8"?>
<!-- Generated by org.testng.reporters.JUnitReportReporter -->
<testsuite hostname="Pankajs-MacBook-Air.local" failures="0" tests="3" name="AmazonEndToEndFlow.Amazon.StandAloneFlow" time="81.306" errors="0" timestamp="2025-03-23T21:25:50 IST" skipped="0">
  <testcase classname="AmazonEndToEndFlow.Amazon.StandAloneFlow" name="endToEndFlow" time="34.177"/>
  <testcase classname="AmazonEndToEndFlow.Amazon.StandAloneFlow" name="verifyProduct" time="13.453"/>
  <testcase classname="AmazonEndToEndFlow.Amazon.StandAloneFlow" name="deleteProduct" time="33.676"/>
</testsuite> <!-- AmazonEndToEndFlow.Amazon.StandAloneFlow -->
