<?xml version="1.0" encoding="UTF-8"?>
<!-- Generated by org.testng.reporters.JUnitReportReporter -->
<testsuite hostname="Pankajs-MacBook-Air.local" failures="0" tests="2" name="AmazonEndToEndFlow.Amazon.FlowTest" time="41.927" errors="0" timestamp="2025-04-14T00:50:14 IST" skipped="0">
  <testcase classname="AmazonEndToEndFlow.Amazon.FlowTest" name="endToEndFlow" time="30.873"/>
  <testcase classname="AmazonEndToEndFlow.Amazon.FlowTest" name="verifyProduct" time="11.054"/>
</testsuite> <!-- AmazonEndToEndFlow.Amazon.FlowTest -->
